Start Running
i=2
2021 Jun 06
09:12:18 PM
PP bbbb
stty: 'standard input': Inappropriate ioctl for device
2021 Jun 06
09:19:18 PM
i=3
2021 Jun 06
09:19:18 PM
PP bbbb
stty: 'standard input': Inappropriate ioctl for device
2021 Jun 06
09:28:05 PM
i=4
2021 Jun 06
09:28:05 PM
PP bbbb
stty: 'standard input': Inappropriate ioctl for device
2021 Jun 06
09:36:51 PM
i=5
2021 Jun 06
09:36:51 PM
PP bbbb
stty: 'standard input': Inappropriate ioctl for device
2021 Jun 06
09:43:53 PM
i=6
2021 Jun 06
09:43:53 PM
PP bbbb
stty: 'standard input': Inappropriate ioctl for device
2021 Jun 06
09:55:19 PM
i=7
2021 Jun 06
09:55:19 PM
PP bbbb
stty: 'standard input': Inappropriate ioctl for device
2021 Jun 06
10:04:46 PM
i=8
2021 Jun 06
10:04:46 PM
PP bbbb
stty: 'standard input': Inappropriate ioctl for device
2021 Jun 06
10:15:54 PM
i=9
2021 Jun 06
10:15:54 PM
PP bbbb
stty: 'standard input': Inappropriate ioctl for device
2021 Jun 06
10:23:25 PM
i=10
2021 Jun 06
10:23:25 PM
PP bbbb
stty: 'standard input': Inappropriate ioctl for device
2021 Jun 06
10:30:12 PM
Finish
Tue Jun  8 22:30:43 CST 2021
