Start Running
i=2
2021 Jun 06
11:54:17 AM
PP bbbb
stty: 'standard input': Inappropriate ioctl for device
2021 Jun 06
12:01:08 PM
i=3
2021 Jun 06
12:01:08 PM
PP bbbb
stty: 'standard input': Inappropriate ioctl for device
2021 Jun 06
12:10:26 PM
i=4
2021 Jun 06
12:10:26 PM
PP bbbb
stty: 'standard input': Inappropriate ioctl for device
2021 Jun 06
12:19:03 PM
i=5
2021 Jun 06
12:19:03 PM
PP bbbb
stty: 'standard input': Inappropriate ioctl for device
2021 Jun 06
12:26:03 PM
i=6
2021 Jun 06
12:26:03 PM
PP bbbb
stty: 'standard input': Inappropriate ioctl for device
2021 Jun 06
12:35:39 PM
i=7
2021 Jun 06
12:35:39 PM
PP bbbb
stty: 'standard input': Inappropriate ioctl for device
2021 Jun 06
12:44:48 PM
i=8
2021 Jun 06
12:44:48 PM
PP bbbb
stty: 'standard input': Inappropriate ioctl for device
2021 Jun 06
12:52:48 PM
i=9
2021 Jun 06
12:52:48 PM
PP bbbb
stty: 'standard input': Inappropriate ioctl for device
2021 Jun 06
01:00:33 PM
i=10
2021 Jun 06
01:00:33 PM
PP bbbb
stty: 'standard input': Inappropriate ioctl for device
2021 Jun 06
01:12:08 PM
Finish
Tue Jun 15 13:15:28 CST 2021
